[ 2016-05-24T20:45:51+08:00 ] 127.0.0.1 /
INFO: [ app_init ] --START--
INFO: Run Behavior\BuildLiteBehavior [ RunTime:0.000031s ]
INFO: [ app_init ] --END-- [ RunTime:0.051048s ]
INFO: [ app_begin ] --START--
INFO: Run Behavior\ReadHtmlCacheBehavior [ RunTime:0.015484s ]
INFO: [ app_begin ] --END-- [ RunTime:0.015612s ]
NOTIC: [2] Missing argument 1 for Think\Controller::show(), called in G:\example\jingxi\Home\Controller\IndexController.class.php on line 7 and defined G:\example\jingxi\ThinkPHP\Library\Think\Controller.class.php 第 68 行.
NOTIC: [8] Undefined variable: content G:\example\jingxi\ThinkPHP\Library\Think\Controller.class.php 第 69 行.
INFO: [ view_parse ] --START--
INFO: [ template_filter ] --START--
INFO: Run Behavior\ContentReplaceBehavior [ RunTime:0.072677s ]
INFO: [ template_filter ] --END-- [ RunTime:0.072857s ]
INFO: Run Behavior\ParseTemplateBehavior [ RunTime:0.153149s ]
INFO: [ view_parse ] --END-- [ RunTime:0.153331s ]
INFO: [ view_filter ] --START--
INFO: Run Behavior\WriteHtmlCacheBehavior [ RunTime:0.013204s ]
INFO: [ view_filter ] --END-- [ RunTime:0.013407s ]
INFO: [ app_end ] --START--
INFO: Run Behavior\ShowPageTraceBehavior [ RunTime:0.014577s ]
INFO: [ app_end ] --END-- [ RunTime:0.014923s ]

[ 2016-05-24T21:54:27+08:00 ] 127.0.0.1 /Public/Admin/style/style.css
INFO: [ app_init ] --START--
INFO: Run Behavior\BuildLiteBehavior [ RunTime:0.000032s ]
INFO: [ app_init ] --END-- [ RunTime:0.000581s ]
INFO: [ app_begin ] --START--
INFO: Run Behavior\ReadHtmlCacheBehavior [ RunTime:0.001585s ]
INFO: [ app_begin ] --END-- [ RunTime:0.001740s ]
ERR: 无法加载控制器:Public

[ 2016-05-24T21:54:38+08:00 ] 127.0.0.1 /Public/Admin/style/style.css
INFO: [ app_init ] --START--
INFO: Run Behavior\BuildLiteBehavior [ RunTime:0.000025s ]
INFO: [ app_init ] --END-- [ RunTime:0.000608s ]
INFO: [ app_begin ] --START--
INFO: Run Behavior\ReadHtmlCacheBehavior [ RunTime:0.000871s ]
INFO: [ app_begin ] --END-- [ RunTime:0.000980s ]
ERR: 无法加载控制器:Public

